#
# There is insufficient memory for the Java Runtime Environment to continue.
# Native memory allocation (malloc) failed to allocate 802048 bytes for Chunk::new
# Possible reasons:
#   The system is out of physical RAM or swap space
#   The process is running with CompressedOops enabled, and the Java Heap may be blocking the growth of the native heap
# Possible solutions:
#   Reduce memory load on the system
#   Increase physical memory or swap space
#   Check if swap backing store is full
#   Decrease Java heap size (-Xmx/-Xms)
#   Decrease number of Java threads
#   Decrease Java thread stack sizes (-Xss)
#   Set larger code cache with -XX:ReservedCodeCacheSize=
#   JVM is running with Unscaled Compressed Oops mode in which the Java heap is
#     placed in the first 4GB address space. The Java Heap base address is the
#     maximum limit for the native heap growth. Please use -XX:HeapBaseMinAddress
#     to set the Java Heap base and to place the Java Heap above 4GB virtual address.
# This output file may be truncated or incomplete.
#
#  Out of Memory Error (allocation.cpp:389), pid=13880, tid=0x0000000000002364
#
# JRE version: OpenJDK Runtime Environment (8.0_242-b01) (build 1.8.0_242-release-1644-b01)
# Java VM: OpenJDK 64-Bit Server VM (25.242-b01 mixed mode windows-amd64 compressed oops)
# Failed to write core dump. Minidumps are not enabled by default on client versions of Windows
#

---------------  T H R E A D  ---------------

Current thread (0x0000000017997000):  JavaThread "C2 CompilerThread0" daemon [_thread_in_native, id=9060, stack(0x0000000018fe0000,0x00000000190e0000)]

Stack: [0x0000000018fe0000,0x00000000190e0000]
[error occurred during error reporting (printing stack bounds), id 0xc0000005]

Native frames: (J=compiled Java code, j=interpreted, Vv=VM code, C=native code)


Current CompileTask:
C2:   3325  856       4       java.io.WinNTFileSystem::normalize (143 bytes)


---------------  P R O C E S S  ---------------

Java Threads: ( => current thread )
  0x000000001a038000 JavaThread "pool-1-thread-1" [_thread_blocked, id=8540, stack(0x000000001b0b0000,0x000000001b1b0000)]
  0x0000000019309000 JavaThread "Service Thread" daemon [_thread_blocked, id=6168, stack(0x00000000196e0000,0x00000000197e0000)]
  0x00000000179e5000 JavaThread "C1 CompilerThread2" daemon [_thread_blocked, id=11364, stack(0x00000000191e0000,0x00000000192e0000)]
  0x000000001799a800 JavaThread "C2 CompilerThread1" daemon [_thread_blocked, id=13828, stack(0x00000000190e0000,0x00000000191e0000)]
=>0x0000000017997000 JavaThread "C2 CompilerThread0" daemon [_thread_in_native, id=9060, stack(0x0000000018fe0000,0x00000000190e0000)]
  0x0000000017992800 JavaThread "Attach Listener" daemon [_thread_blocked, id=9548, stack(0x0000000018ee0000,0x0000000018fe0000)]
  0x0000000017991000 JavaThread "Signal Dispatcher" daemon [_thread_blocked, id=5256, stack(0x0000000018de0000,0x0000000018ee0000)]
  0x0000000002e9b000 JavaThread "Finalizer" daemon [_thread_blocked, id=4872, stack(0x0000000018be0000,0x0000000018ce0000)]
  0x0000000002e90800 JavaThread "Reference Handler" daemon [_thread_blocked, id=8524, stack(0x0000000018ae0000,0x0000000018be0000)]
  0x0000000002d9e800 JavaThread "main" [_thread_in_vm, id=1268, stack(0x0000000002c10000,0x0000000002d10000)]

Other Threads:
  0x0000000017957800 VMThread [stack: 0x00000000189e0000,0x0000000018ae0000] [id=10908]
  0x00000000179ee800 WatcherThread [stack: 0x00000000197e0000,0x00000000198e0000] [id=12392]

VM state:not at safepoint (normal execution)

VM Mutex/Monitor currently owned by a thread: None

heap address: 0x0000000082000000, size: 2016 MB, Compressed Oops mode: 32-bit
Narrow klass base: 0x0000000000000000, Narrow klass shift: 3
Compressed class space size: 1073741824 Address: 0x0000000100000000

Heap:
 PSYoungGen      total 37888K, used 18791K [0x00000000d6000000, 0x00000000d8a00000, 0x0000000100000000)
  eden space 32768K, 43% used [0x00000000d6000000,0x00000000d6dd80b8,0x00000000d8000000)
  from space 5120K, 90% used [0x00000000d8000000,0x00000000d8481da8,0x00000000d8500000)
  to   space 5120K, 0% used [0x00000000d8500000,0x00000000d8500000,0x00000000d8a00000)
 ParOldGen       total 86016K, used 16K [0x0000000082000000, 0x0000000087400000, 0x00000000d6000000)
  object space 86016K, 0% used [0x0000000082000000,0x0000000082004000,0x0000000087400000)
 Metaspace       used 9963K, capacity 10254K, committed 10496K, reserved 1058816K
  class space    used 1320K, capacity 1441K, committed 1536K, reserved 1048576K

Card table byte_map: [0x0000000012260000,0x0000000012660000] byte_map_base: 0x0000000011e50000

Marking Bits: (ParMarkBitMap*) 0x000000007061f030
 Begin Bits: [0x0000000012d00000, 0x0000000014c80000)
 End Bits:   [0x0000000014c80000, 0x0000000016c00000)

Polling page: 0x00000000012d0000

CodeCache: size=245760Kb used=3577Kb max_used=3577Kb free=242182Kb
 bounds [0x0000000002ea0000, 0x0000000003230000, 0x0000000011ea0000]
 total_blobs=1336 nmethods=992 adapters=258
 compilation: enabled

Compilation events (10 events):
Event: 3.267 Thread 0x00000000179e5000 nmethod 975 0x00000000032171d0 code [0x0000000003217620, 0x0000000003219bc8]
Event: 3.267 Thread 0x00000000179e5000  976       1       java.lang.ThreadLocal::getMap (5 bytes)
Event: 3.267 Thread 0x00000000179e5000 nmethod 976 0x0000000003213b90 code [0x0000000003213ce0, 0x0000000003213df0]
Event: 3.273 Thread 0x00000000179e5000  978       3       java.util.ArrayList::indexOf (67 bytes)
Event: 3.273 Thread 0x00000000179e5000 nmethod 978 0x0000000003212f90 code [0x0000000003213120, 0x00000000032135e8]
Event: 3.276 Thread 0x00000000179e5000  979       3       java.lang.ref.ReferenceQueue::<init> (27 bytes)
Event: 3.276 Thread 0x00000000179e5000 nmethod 979 0x0000000003215a90 code [0x0000000003215c00, 0x0000000003215f70]
Event: 3.276 Thread 0x00000000179e5000  980       3       java.lang.ref.ReferenceQueue$Lock::<init> (5 bytes)
Event: 3.276 Thread 0x00000000179e5000 nmethod 980 0x0000000003215610 code [0x0000000003215780, 0x0000000003215990]
Event: 3.278 Thread 0x00000000179e5000  981       3       java.util.Hashtable::<init> (9 bytes)

GC Heap History (2 events):
Event: 1.322 GC heap before
{Heap before GC invocations=1 (full 0):
 PSYoungGen      total 37888K, used 32768K [0x00000000d6000000, 0x00000000d8a00000, 0x0000000100000000)
  eden space 32768K, 100% used [0x00000000d6000000,0x00000000d8000000,0x00000000d8000000)
  from space 5120K, 0% used [0x00000000d8500000,0x00000000d8500000,0x00000000d8a00000)
  to   space 5120K, 0% used [0x00000000d8000000,0x00000000d8000000,0x00000000d8500000)
 ParOldGen       total 86016K, used 0K [0x0000000082000000, 0x0000000087400000, 0x00000000d6000000)
  object space 86016K, 0% used [0x0000000082000000,0x0000000082000000,0x0000000087400000)
 Metaspace       used 8386K, capacity 8678K, committed 8960K, reserved 1056768K
  class space    used 1098K, capacity 1215K, committed 1280K, reserved 1048576K
Event: 1.329 GC heap after
Heap after GC invocations=1 (full 0):
 PSYoungGen      total 37888K, used 4615K [0x00000000d6000000, 0x00000000d8a00000, 0x0000000100000000)
  eden space 32768K, 0% used [0x00000000d6000000,0x00000000d6000000,0x00000000d8000000)
  from space 5120K, 90% used [0x00000000d8000000,0x00000000d8481da8,0x00000000d8500000)
  to   space 5120K, 0% used [0x00000000d8500000,0x00000000d8500000,0x00000000d8a00000)
 ParOldGen       total 86016K, used 16K [0x0000000082000000, 0x0000000087400000, 0x00000000d6000000)
  object space 86016K, 0% used [0x0000000082000000,0x0000000082004000,0x0000000087400000)
 Metaspace       used 8386K, capacity 8678K, committed 8960K, reserved 1056768K
  class space    used 1098K, capacity 1215K, committed 1280K, reserved 1048576K
}

Deoptimization events (7 events):
Event: 1.052 Thread 0x0000000002d9e800 Uncommon trap: reason=unstable_if action=reinterpret pc=0x000000000307da40 method=java.util.regex.Matcher.reset()Ljava/util/regex/Matcher; @ 47
Event: 1.052 Thread 0x0000000002d9e800 Uncommon trap: reason=class_check action=maybe_recompile pc=0x0000000003087edc method=java.util.regex.Matcher.match(II)Z @ 86
Event: 1.052 Thread 0x0000000002d9e800 Uncommon trap: reason=class_check action=maybe_recompile pc=0x0000000003087edc method=java.util.regex.Matcher.match(II)Z @ 86
Event: 1.054 Thread 0x0000000002d9e800 Uncommon trap: reason=class_check action=maybe_recompile pc=0x0000000003087edc method=java.util.regex.Matcher.match(II)Z @ 86
Event: 1.054 Thread 0x0000000002d9e800 Uncommon trap: reason=class_check action=maybe_recompile pc=0x0000000003087edc method=java.util.regex.Matcher.match(II)Z @ 86
Event: 1.428 Thread 0x0000000002d9e800 Uncommon trap: reason=unstable_if action=reinterpret pc=0x000000000312aa94 method=java.util.HashMap.getNode(ILjava/lang/Object;)Ljava/util/HashMap$Node; @ 129
Event: 1.428 Thread 0x0000000002d9e800 Uncommon trap: reason=bimorphic action=maybe_recompile pc=0x000000000311cc24 method=java.util.HashMap.putVal(ILjava/lang/Object;Ljava/lang/Object;ZZ)Ljava/lang/Object; @ 203

Classes redefined (0 events):
No events

Internal exceptions (10 events):
Event: 1.239 Thread 0x0000000002d9e800 Exception <a 'java/lang/NoSuchMethodError': java.lang.Object.lambda$static$0(Lorg/gradle/internal/state/ModelObject;)Ljava/lang/String;> (0x00000000d7c66bb0) thrown at [C:\src\AOSP-openjdk-git\hotspot\src\share\vm\interpreter\linkResolver.cpp, line 620]
Event: 1.352 Thread 0x0000000002d9e800 Exception <a 'java/lang/ArrayIndexOutOfBoundsException'> (0x00000000d6124aa8) thrown at [C:\src\AOSP-openjdk-git\hotspot\src\share\vm\runtime\sharedRuntime.cpp, line 605]
Event: 1.352 Thread 0x0000000002d9e800 Exception <a 'java/lang/ArrayIndexOutOfBoundsException'> (0x00000000d6128ed8) thrown at [C:\src\AOSP-openjdk-git\hotspot\src\share\vm\runtime\sharedRuntime.cpp, line 605]
Event: 1.361 Thread 0x0000000002d9e800 Exception <a 'java/lang/ArrayIndexOutOfBoundsException'> (0x00000000d6199ae0) thrown at [C:\src\AOSP-openjdk-git\hotspot\src\share\vm\runtime\sharedRuntime.cpp, line 605]
Event: 1.361 Thread 0x0000000002d9e800 Exception <a 'java/lang/ArrayIndexOutOfBoundsException'> (0x00000000d619ba28) thrown at [C:\src\AOSP-openjdk-git\hotspot\src\share\vm\runtime\sharedRuntime.cpp, line 605]
Event: 1.361 Thread 0x0000000002d9e800 Exception <a 'java/lang/ArrayIndexOutOfBoundsException'> (0x00000000d619caf8) thrown at [C:\src\AOSP-openjdk-git\hotspot\src\share\vm\runtime\sharedRuntime.cpp, line 605]
Event: 1.361 Thread 0x0000000002d9e800 Exception <a 'java/lang/ArrayIndexOutOfBoundsException'> (0x00000000d619f430) thrown at [C:\src\AOSP-openjdk-git\hotspot\src\share\vm\runtime\sharedRuntime.cpp, line 605]
Event: 1.362 Thread 0x0000000002d9e800 Exception <a 'java/lang/ArrayIndexOutOfBoundsException'> (0x00000000d61a15a8) thrown at [C:\src\AOSP-openjdk-git\hotspot\src\share\vm\runtime\sharedRuntime.cpp, line 605]
Event: 1.362 Thread 0x0000000002d9e800 Exception <a 'java/lang/ArrayIndexOutOfBoundsException'> (0x00000000d61a2810) thrown at [C:\src\AOSP-openjdk-git\hotspot\src\share\vm\runtime\sharedRuntime.cpp, line 605]
Event: 1.362 Thread 0x0000000002d9e800 Exception <a 'java/lang/ArrayIndexOutOfBoundsException'> (0x00000000d61a4b70) thrown at [C:\src\AOSP-openjdk-git\hotspot\src\share\vm\runtime\sharedRuntime.cpp, line 605]

Events (10 events):
Event: 3.243 Thread 0x0000000002d9e800 DEOPT PACKING pc=0x0000000003093db1 sp=0x0000000002d0d350
Event: 3.243 Thread 0x0000000002d9e800 DEOPT UNPACKING pc=0x0000000002ee75d0 sp=0x0000000002d0d098 mode 0
Event: 3.247 Thread 0x0000000002d9e800 DEOPT PACKING pc=0x0000000003093db1 sp=0x0000000002d0d350
Event: 3.247 Thread 0x0000000002d9e800 DEOPT UNPACKING pc=0x0000000002ee75d0 sp=0x0000000002d0d098 mode 0
Event: 3.249 Thread 0x0000000002d9e800 DEOPT PACKING pc=0x0000000003093db1 sp=0x0000000002d0d350
Event: 3.249 Thread 0x0000000002d9e800 DEOPT UNPACKING pc=0x0000000002ee75d0 sp=0x0000000002d0d098 mode 0
Event: 3.250 Thread 0x0000000002d9e800 DEOPT PACKING pc=0x0000000003093db1 sp=0x0000000002d0d350
Event: 3.250 Thread 0x0000000002d9e800 DEOPT UNPACKING pc=0x0000000002ee75d0 sp=0x0000000002d0d098 mode 0
Event: 3.254 Thread 0x0000000002d9e800 DEOPT PACKING pc=0x0000000003093db1 sp=0x0000000002d0d350
Event: 3.254 Thread 0x0000000002d9e800 DEOPT UNPACKING pc=0x0000000002ee75d0 sp=0x0000000002d0d098 mode 0


Dynamic libraries:
0x00007ff6eb040000 - 0x00007ff6eb071000 	C:\Program Files\Android\Android Studio\jre\bin\java.exe
0x00007ffc99210000 - 0x00007ffc99405000 	C:\WINDOWS\SYSTEM32\ntdll.dll
0x00007ffc98d10000 - 0x00007ffc98dcd000 	C:\WINDOWS\System32\KERNEL32.DLL
0x00007ffc96d50000 - 0x00007ffc97018000 	C:\WINDOWS\System32\KERNELBASE.dll
0x00007ffc97410000 - 0x00007ffc974bc000 	C:\WINDOWS\System32\ADVAPI32.dll
0x00007ffc98bf0000 - 0x00007ffc98c8e000 	C:\WINDOWS\System32\msvcrt.dll
0x00007ffc97620000 - 0x00007ffc976bb000 	C:\WINDOWS\System32\sechost.dll
0x00007ffc98dd0000 - 0x00007ffc98efb000 	C:\WINDOWS\System32\RPCRT4.dll
0x00007ffc97e90000 - 0x00007ffc98030000 	C:\WINDOWS\System32\USER32.dll
0x00007ffc97220000 - 0x00007ffc97242000 	C:\WINDOWS\System32\win32u.dll
0x00007ffc99110000 - 0x00007ffc9913a000 	C:\WINDOWS\System32\GDI32.dll
0x00007ffc96a40000 - 0x00007ffc96b4b000 	C:\WINDOWS\System32\gdi32full.dll
0x00007ffc96cb0000 - 0x00007ffc96d4d000 	C:\WINDOWS\System32\msvcp_win.dll
0x00007ffc970a0000 - 0x00007ffc971a0000 	C:\WINDOWS\System32\ucrtbase.dll
0x00007ffc84c00000 - 0x00007ffc84e9a000 	C:\WINDOWS\WinSxS\amd64_microsoft.windows.common-controls_6595b64144ccf1df_6.0.19041.844_none_ca00b6081b84eb1d\COMCTL32.dll
0x00007ffc99140000 - 0x00007ffc99170000 	C:\WINDOWS\System32\IMM32.DLL
0x000000006fc90000 - 0x000000006fd62000 	C:\Program Files\Android\Android Studio\jre\jre\bin\msvcr100.dll
0x000000006fe50000 - 0x000000007069b000 	C:\Program Files\Android\Android Studio\jre\jre\bin\server\jvm.dll
0x00007ffc98f00000 - 0x00007ffc98f08000 	C:\WINDOWS\System32\PSAPI.DLL
0x00007ffc85ae0000 - 0x00007ffc85b07000 	C:\WINDOWS\SYSTEM32\WINMM.dll
0x00007ffc8e630000 - 0x00007ffc8e639000 	C:\WINDOWS\SYSTEM32\WSOCK32.dll
0x00007ffc86380000 - 0x00007ffc8638a000 	C:\WINDOWS\SYSTEM32\VERSION.dll
0x00007ffc98ca0000 - 0x00007ffc98d0b000 	C:\WINDOWS\System32\WS2_32.dll
0x00007ffc8e610000 - 0x00007ffc8e61f000 	C:\Program Files\Android\Android Studio\jre\jre\bin\verify.dll
0x00007ffc76020000 - 0x00007ffc76049000 	C:\Program Files\Android\Android Studio\jre\jre\bin\java.dll
0x00007ffc7da90000 - 0x00007ffc7daa6000 	C:\Program Files\Android\Android Studio\jre\jre\bin\zip.dll
0x00007ffc984a0000 - 0x00007ffc98be2000 	C:\WINDOWS\System32\SHELL32.dll
0x00007ffc94b40000 - 0x00007ffc952d1000 	C:\WINDOWS\SYSTEM32\windows.storage.dll
0x00007ffc97b30000 - 0x00007ffc97e85000 	C:\WINDOWS\System32\combase.dll
0x00007ffc963e0000 - 0x00007ffc9640c000 	C:\WINDOWS\SYSTEM32\Wldp.dll
0x00007ffc97360000 - 0x00007ffc9740e000 	C:\WINDOWS\System32\SHCORE.dll
0x00007ffc99170000 - 0x00007ffc991c5000 	C:\WINDOWS\System32\shlwapi.dll
0x00007ffc96980000 - 0x00007ffc9699f000 	C:\WINDOWS\SYSTEM32\profapi.dll
0x00007ffc7c560000 - 0x00007ffc7c57a000 	C:\Program Files\Android\Android Studio\jre\jre\bin\net.dll
0x00007ffc961c0000 - 0x00007ffc9622a000 	C:\WINDOWS\system32\mswsock.dll
0x00007ffc7c410000 - 0x00007ffc7c423000 	C:\Program Files\Android\Android Studio\jre\jre\bin\nio.dll
0x00007ffc90a70000 - 0x00007ffc90a96000 	C:\Users\DELL\.gradle\native\fdc75f09e3144964f2cf3f50f0aa648679c211496f362492102eb8c894070792\windows-amd64\native-platform.dll
0x00007ffc6ae80000 - 0x00007ffc6b011000 	C:\Users\DELL\.gradle\native\12488b8bf47d2d4c9fbf2f6322a914ad602e24e48041cd04a747c6da556b65c4\windows-amd64\native-platform-file-events.dll
0x00007ffc8d970000 - 0x00007ffc8d97d000 	C:\Program Files\Android\Android Studio\jre\jre\bin\management.dll
0x00007ffc96720000 - 0x00007ffc96738000 	C:\WINDOWS\SYSTEM32\CRYPTSP.dll
0x00007ffc95b10000 - 0x00007ffc95b44000 	C:\WINDOWS\system32\rsaenh.dll
0x00007ffc97020000 - 0x00007ffc97047000 	C:\WINDOWS\System32\bcrypt.dll
0x00007ffc96940000 - 0x00007ffc9696e000 	C:\WINDOWS\SYSTEM32\USERENV.dll
0x00007ffc971a0000 - 0x00007ffc97220000 	C:\WINDOWS\System32\bcryptprimitives.dll
0x00007ffc96340000 - 0x00007ffc9634c000 	C:\WINDOWS\SYSTEM32\CRYPTBASE.dll
0x00007ffc95e80000 - 0x00007ffc95ebb000 	C:\WINDOWS\SYSTEM32\IPHLPAPI.DLL
0x00007ffc98c90000 - 0x00007ffc98c98000 	C:\WINDOWS\System32\NSI.dll
0x00007ffc8c6f0000 - 0x00007ffc8c707000 	C:\WINDOWS\SYSTEM32\dhcpcsvc6.DLL
0x00007ffc8d7d0000 - 0x00007ffc8d7ed000 	C:\WINDOWS\SYSTEM32\dhcpcsvc.DLL
0x00007ffc95ed0000 - 0x00007ffc95f9c000 	C:\WINDOWS\SYSTEM32\DNSAPI.dll
0x00007ffc8fd00000 - 0x00007ffc8fd0b000 	C:\WINDOWS\SYSTEM32\WINNSI.DLL

VM Arguments:
jvm_args: -Dorg.gradle.appname=gradlew 
java_command: org.gradle.wrapper.GradleWrapperMain -q -Ptarget-platform=android-x86 -Ptarget=E:\Flutter\todo\lib\main.dart -Ptrack-widget-creation=true -Pfilesystem-scheme=org-dartlang-root -Pdart-defines=flutter.inspector.structuredErrors%3Dtrue assembleDebug
java_class_path (initial): E:\Flutter\todo\android\\gradle\wrapper\gradle-wrapper.jar
Launcher Type: SUN_STANDARD

Environment Variables:
JAVA_HOME=C:\Program Files\Android\Android Studio\jre
CLASSPATH=E:\Flutter\todo\android\\gradle\wrapper\gradle-wrapper.jar
PATH=C:\WINDOWS\system32;C:\WINDOWS;C:\WINDOWS\System32\Wbem;C:\WINDOWS\System32\WindowsPowerShell\v1.0\;C:\WINDOWS\System32\OpenSSH\;C:\Program Files\dotnet\;C:\Program Files\Microsoft SQL Server\130\Tools\Binn\;C:\Program Files\Microsoft SQL Server\Client SDK\ODBC\170\Tools\Binn\;C:\Program Files (x86)\dotnet\;C:\Program Files\MySQL\MySQL Shell 8.0\bin\;C:\Users\DELL\AppData\Local\Microsoft\WindowsApps;C:\Users\DELL\AppData\Local\Programs\Microsoft VS Code\bin;C:\Users\DELL\.dotnet\tools;C:\src\flutter\bin;C:\src\flutter\bin\mingit\cmd
USERNAME=DELL
OS=Windows_NT
PROCESSOR_IDENTIFIER=Intel64 Family 6 Model 58 Stepping 9, GenuineIntel



---------------  S Y S T E M  ---------------

OS: Windows 10.0 , 64 bit Build 19041 (10.0.19041.928)

CPU:total 4 (initial active 4) (2 cores per cpu, 2 threads per core) family 6 model 58 stepping 9, cmov, cx8, fxsr, mmx, sse, sse2, sse3, ssse3, sse4.1, sse4.2, popcnt, avx, aes, clmul, erms, ht, tsc, tscinvbit, tscinv

Memory: 4k page, physical 8257160k(515152k free), swap 22778036k(3828k free)

vm_info: OpenJDK 64-Bit Server VM (25.242-b01) for windows-amd64 JRE (1.8.0_242-release-1644-b01), built by "builder" with MS VC++ 10.0 (VS2010)

time: Wed Apr 28 23:54:31 2021
timezone: Pakistan Standard Time
elapsed time: 3 seconds (0d 0h 0m 3s)

